<?xml version="1.0" encoding="UTF-8"?>
<!-- Generated by org.testng.reporters.JUnitReportReporter -->
<testsuite skipped="0" hostname="dell-PC" name="Assignment.Rest_API_Automation" tests="2" failures="0" timestamp="21 Jul 2020 14:57:23 GMT" time="4.075" errors="0">
  <testcase name="TestGet" time="4.070" classname="Assignment.Rest_API_Automation"/>
  <testcase name="TestPost" time="0.005" classname="Assignment.Rest_API_Automation"/>
</testsuite> <!-- Assignment.Rest_API_Automation -->
