<?xml version="1.0" encoding="UTF-8"?>
<!-- Generated by org.testng.reporters.JUnitReportReporter -->
<testsuite skipped="0" hostname="dell-PC" name="Assignment.Altimetrik.Rest_API_Automation" tests="2" failures="0" timestamp="21 Jul 2020 14:47:13 GMT" time="4.066" errors="0">
  <testcase name="TestGet" time="4.064" classname="Assignment.Altimetrik.Rest_API_Automation"/>
  <testcase name="TestPost" time="0.002" classname="Assignment.Altimetrik.Rest_API_Automation"/>
</testsuite> <!-- Assignment.Altimetrik.Rest_API_Automation -->
